<?xml version="1.0" encoding="UTF-8"?>
<!-- Generated by org.testng.reporters.JUnitReportReporter -->
<testsuite hostname="Harneets-MacBook-Pro.local" failures="0" tests="1" name="com.training.testng.Tablelink" time="15.363" errors="0" timestamp="2024-01-25T15:04:05 EST" skipped="0">
  <testcase classname="com.training.testng.Tablelink" name="clickCity" time="15.363"/>
  <system-out/>
</testsuite> <!-- com.training.testng.Tablelink -->
