<?xml version="1.0" encoding="UTF-8"?>
<!-- Generated by org.testng.reporters.JUnitReportReporter -->
<testsuite hostname="Harneets-MacBook-Pro.local" failures="0" tests="1" name="com.training.testng.BrokenLink" time="31.194" errors="0" timestamp="2023-08-01T21:48:39 EDT" skipped="0">
  <testcase classname="com.training.testng.BrokenLink" name="brokenLink" time="31.194"/>
  <system-out/>
</testsuite> <!-- com.training.testng.BrokenLink -->
