<?xml version="1.0" encoding="UTF-8"?>
<!-- Generated by org.testng.reporters.JUnitReportReporter -->
<testsuite hostname="Harneets-MacBook-Pro.local" failures="0" tests="1" name="com.training.testng.sslCertSeleniumUI" time="4.647" errors="0" timestamp="2024-04-22T11:39:56 EDT" skipped="0">
  <testcase classname="com.training.testng.sslCertSeleniumUI" name="sslFireFox" time="4.647"/>
  <system-out/>
</testsuite> <!-- com.training.testng.sslCertSeleniumUI -->
