<?xml version="1.0" encoding="UTF-8"?>
<!-- Generated by org.testng.reporters.JUnitReportReporter -->
<testsuite hostname="Harneets-MacBook-Pro.local" failures="0" tests="1" name="com.training.testng.LoginTest" time="9.049" errors="0" timestamp="2023-08-01T14:16:31 EDT" skipped="0">
  <testcase classname="com.training.testng.LoginTest" name="login" time="9.049"/>
  <system-out/>
</testsuite> <!-- com.training.testng.LoginTest -->
