<?xml version="1.0" encoding="UTF-8"?>
<!-- Generated by org.testng.reporters.JUnitReportReporter -->
<testsuite hostname="Harneets-MacBook-Pro.local" failures="0" tests="1" name="com.training.testng.FindButtons" time="55.884" errors="0" timestamp="2023-12-08T11:09:38 EST" skipped="0">
  <testcase classname="com.training.testng.FindButtons" name="buttons" time="55.884"/>
  <system-out/>
</testsuite> <!-- com.training.testng.FindButtons -->
