<?xml version="1.0" encoding="UTF-8"?>
<!-- Generated by org.testng.reporters.JUnitReportReporter -->
<testsuite hostname="Harneets-MacBook-Pro.local" failures="0" tests="1" name="com.training.testng.AmazoniPhone" time="251.852" errors="0" timestamp="2023-08-26T15:51:34 EDT" skipped="0">
  <testcase classname="com.training.testng.AmazoniPhone" name="logIn" time="251.852"/>
  <system-out/>
</testsuite> <!-- com.training.testng.AmazoniPhone -->
