<?xml version="1.0" encoding="UTF-8"?>
<!-- Generated by org.testng.reporters.JUnitReportReporter -->
<testsuite hostname="Harneets-MacBook-Pro.local" failures="0" tests="1" name="com.training.testng.DynamicTable" time="23.188" errors="0" timestamp="2024-02-03T22:16:52 EST" skipped="0">
  <testcase classname="com.training.testng.DynamicTable" name="writeFile" time="23.188"/>
  <system-out/>
</testsuite> <!-- com.training.testng.DynamicTable -->
