<?xml version="1.0" encoding="UTF-8"?>
<!-- Generated by org.testng.reporters.JUnitReportReporter -->
<testsuite hostname="Harneets-MBP" failures="0" tests="1" name="com.seleniumgrid.FirefoxTest" time="20.692" errors="0" timestamp="2024-07-22T14:24:05 EDT" skipped="0">
  <testcase classname="com.seleniumgrid.FirefoxTest" name="homePageCheck" time="20.692"/>
  <system-out/>
</testsuite> <!-- com.seleniumgrid.FirefoxTest -->
