<?xml version="1.0" encoding="UTF-8"?>
<!-- Generated by org.testng.reporters.JUnitReportReporter -->
<testsuite hostname="Harneets-MacBook-Pro.local" failures="0" tests="3" name="com.training.testng.EbayBarCodeAutomation" time="177.643" errors="0" timestamp="2023-06-07T15:26:41 EDT" skipped="0">
  <testcase classname="com.training.testng.EbayBarCodeAutomation" name="clickMusic" time="80.322"/>
  <system-out/>
  <testcase classname="com.training.testng.EbayBarCodeAutomation" name="clickShopByCategory" time="55.241"/>
  <system-out/>
  <testcase classname="com.training.testng.EbayBarCodeAutomation" name="clickCategories" time="42.080"/>
  <system-out/>
</testsuite> <!-- com.training.testng.EbayBarCodeAutomation -->
