<?xml version="1.0" encoding="UTF-8"?>
<!-- Generated by org.testng.reporters.JUnitReportReporter -->
<testsuite hostname="Harneets-MBP" failures="0" tests="1" name="com.training.testng.LoginTest" time="16.871" errors="0" timestamp="2024-07-11T17:47:20 EDT" skipped="0">
  <testcase classname="com.training.testng.LoginTest" name="login1" time="16.871"/>
  <system-out/>
</testsuite> <!-- com.training.testng.LoginTest -->
