<?xml version="1.0" encoding="UTF-8"?>
<!-- Generated by org.testng.reporters.JUnitReportReporter -->
<testsuite hostname="Harneets-MacBook-Pro.local" failures="0" tests="1" name="com.seleniumgrid.FirefoxTest" time="4.607" errors="0" timestamp="2023-10-11T08:50:42 EDT" skipped="0">
  <testcase classname="com.seleniumgrid.FirefoxTest" name="homePageCheck" time="4.607"/>
  <system-out/>
</testsuite> <!-- com.seleniumgrid.FirefoxTest -->
