<?xml version="1.0" encoding="UTF-8"?>
<!-- Generated by org.testng.reporters.JUnitReportReporter -->
<testsuite hostname="Harneets-MacBook-Pro.local" failures="0" tests="1" name="com.seleniumgrid.ChromeTest" time="2.454" errors="0" timestamp="2023-10-11T08:50:42 EDT" skipped="0">
  <testcase classname="com.seleniumgrid.ChromeTest" name="homePageCheck" time="2.454"/>
  <system-out/>
</testsuite> <!-- com.seleniumgrid.ChromeTest -->
