<?xml version="1.0" encoding="UTF-8"?>
<!-- Generated by org.testng.reporters.JUnitReportReporter -->
<testsuite hostname="Harneets-MacBook-Pro.local" failures="0" tests="1" name="com.training.testng.DynamicTable2" time="18.571" errors="0" timestamp="2024-02-14T11:43:33 EST" skipped="0">
  <testcase classname="com.training.testng.DynamicTable2" name="checkCompanyName" time="18.571"/>
  <system-out/>
</testsuite> <!-- com.training.testng.DynamicTable2 -->
