<?xml version="1.0" encoding="UTF-8"?>
<!-- Generated by org.testng.reporters.JUnitReportReporter -->
<testsuite hostname="Harneets-MacBook-Pro.local" failures="0" tests="1" name="com.training.testng.ShadowDOM" time="34.522" errors="0" timestamp="2024-04-25T11:23:05 EDT" skipped="0">
  <testcase classname="com.training.testng.ShadowDOM" name="enterTextUsingSearchContextSelenium4" time="34.522"/>
  <system-out/>
</testsuite> <!-- com.training.testng.ShadowDOM -->
