<?xml version="1.0" encoding="UTF-8"?>
<!-- Generated by org.testng.reporters.JUnitReportReporter -->
<testsuite hostname="Harneets-MacBook-Pro.local" failures="0" tests="1" name="com.training.testng.YahooWatchlist" time="79.838" errors="0" timestamp="2023-08-01T14:38:48 EDT" skipped="0">
  <testcase classname="com.training.testng.YahooWatchlist" name="watchList" time="79.838"/>
  <system-out/>
</testsuite> <!-- com.training.testng.YahooWatchlist -->
