<?xml version="1.0" encoding="UTF-8"?>
<!-- Generated by org.testng.reporters.JUnitReportReporter -->
<testsuite hostname="Harneets-MacBook-Pro.local" failures="0" tests="1" name="com.training.testng.LoginTest" time="0.004" errors="0" timestamp="2023-03-13T20:26:59 EDT" skipped="0">
  <testcase classname="com.training.testng.LoginTest" name="login" time="0.004"/>
  <system-out/>
</testsuite> <!-- com.training.testng.LoginTest -->
