<?xml version="1.0" encoding="UTF-8"?>
<!-- Generated by org.testng.reporters.JUnitReportReporter -->
<testsuite hostname="Harneets-MBP" failures="0" tests="1" name="com.seleniumgrid.FirefoxTest" time="12.254" errors="0" timestamp="2024-07-18T22:19:07 EDT" skipped="0">
  <testcase classname="com.seleniumgrid.FirefoxTest" name="homePageCheck" time="12.254"/>
  <system-out/>
</testsuite> <!-- com.seleniumgrid.FirefoxTest -->
