<?xml version="1.0" encoding="UTF-8"?>
<!-- Generated by org.testng.reporters.JUnitReportReporter -->
<testsuite hostname="Harneets-MBP" failures="0" tests="1" name="com.seleniumgrid.ChromeTest" time="17.568" errors="0" timestamp="2024-07-15T15:54:19 EDT" skipped="0">
  <testcase classname="com.seleniumgrid.ChromeTest" name="homePageCheck" time="17.568"/>
  <system-out/>
</testsuite> <!-- com.seleniumgrid.ChromeTest -->
