<?xml version="1.0" encoding="UTF-8"?>
<!-- Generated by org.testng.reporters.JUnitReportReporter -->
<testsuite hostname="Harneets-MBP" failures="0" tests="1" name="com.seleniumgrid.FirefoxTest" time="22.166" errors="0" timestamp="2024-07-17T22:34:26 EDT" skipped="0">
  <testcase classname="com.seleniumgrid.FirefoxTest" name="homePageCheck" time="22.166"/>
  <system-out/>
</testsuite> <!-- com.seleniumgrid.FirefoxTest -->
