<?xml version="1.0" encoding="UTF-8"?>
<!-- Generated by org.testng.reporters.JUnitReportReporter -->
<testsuite hostname="Harneets-MBP" failures="0" tests="1" name="com.seleniumgrid.ChromeTest" time="8.973" errors="0" timestamp="2024-07-17T21:29:10 EDT" skipped="0">
  <testcase classname="com.seleniumgrid.ChromeTest" name="homePageCheck" time="8.973"/>
  <system-out/>
</testsuite> <!-- com.seleniumgrid.ChromeTest -->
