<?xml version="1.0" encoding="UTF-8"?>
<!-- Generated by org.testng.reporters.JUnitReportReporter -->
<testsuite hostname="Harneets-MBP" failures="0" tests="1" name="com.seleniumgrid.FirefoxTest" time="18.462" errors="0" timestamp="2024-07-22T12:11:05 EDT" skipped="0">
  <testcase classname="com.seleniumgrid.FirefoxTest" name="homePageCheck" time="18.462"/>
  <system-out/>
</testsuite> <!-- com.seleniumgrid.FirefoxTest -->
